<?xml version="1.0" encoding="UTF-8"?>
<testng-results ignored="0" total="2" passed="1" failed="1" skipped="0">
  <reporter-output>
  </reporter-output>
  <suite started-at="2022-06-21T16:06:58 IST" name="Default suite" finished-at="2022-06-21T16:08:05 IST" duration-ms="67543">
    <groups>
      <group name="cucumber">
        <method signature="AbstractTestNGCucumberTests.runScenario(io.cucumber.testng.PickleWrapper, io.cucumber.testng.FeatureWrapper)[pri:0, instance:com.art.runner.CucumberRunner@61386958]" name="runScenario" class="io.cucumber.testng.AbstractTestNGCucumberTests"/>
      </group> <!-- cucumber -->
    </groups>
    <test started-at="2022-06-21T16:06:58 IST" name="Default test" finished-at="2022-06-21T16:08:05 IST" duration-ms="67543">
      <class name="com.art.runner.CucumberRunner">
        <test-method is-config="true" signature="setUpClass(org.testng.ITestContext)[pri:0, instance:com.art.runner.CucumberRunner@61386958]" started-at="2022-06-21T16:06:58 IST" name="setUpClass" finished-at="2022-06-21T16:06:58 IST" duration-ms="333" status="PASS">
          <params>
            <param index="0">
              <value>
                <![CDATA[org.testng.TestRunner@750ff7d3]]>
              </value>
            </param>
          </params>
          <reporter-output>
          </reporter-output>
        </test-method> <!-- setUpClass -->
        <test-method signature="runScenario(io.cucumber.testng.PickleWrapper, io.cucumber.testng.FeatureWrapper)[pri:0, instance:com.art.runner.CucumberRunner@61386958]" started-at="2022-06-21T16:06:58 IST" name="runScenario" description="Runs Cucumber Scenarios" data-provider="scenarios" finished-at="2022-06-21T16:08:05 IST" duration-ms="66674" status="PASS">
          <params>
            <param index="0">
              <value>
                <![CDATA["Login using NID and Mobile Number"]]>
              </value>
            </param>
            <param index="1">
              <value>
                <![CDATA["Optional[Login_Nid_Mob Flow]"]]>
              </value>
            </param>
          </params>
          <reporter-output>
          </reporter-output>
        </test-method> <!-- runScenario -->
        <test-method signature="runScenario(io.cucumber.testng.PickleWrapper, io.cucumber.testng.FeatureWrapper)[pri:0, instance:com.art.runner.CucumberRunner@61386958]" started-at="2022-06-21T16:08:05 IST" name="runScenario" description="Runs Cucumber Scenarios" data-provider="scenarios" finished-at="2022-06-21T16:08:05 IST" duration-ms="466" status="FAIL">
          <params>
            <param index="0">
              <value>
                <![CDATA["Generate reports"]]>
              </value>
            </param>
            <param index="1">
              <value>
                <![CDATA["Optional[Motor Generate reports]"]]>
              </value>
            </param>
          </params>
          <exception class="java.lang.NullPointerException">
            <full-stacktrace>
              <![CDATA[java.lang.NullPointerException
at java.base/java.io.File.<init>(File.java:278)
at com.art.utility.TakeSS.getScreenShot(TakeSS.java:32)
at com.art.stepdefinitions.Hooks.afterRunScenario(Hooks.java:24)
]]>
            </full-stacktrace>
          </exception> <!-- java.lang.NullPointerException -->
          <reporter-output>
          </reporter-output>
        </test-method> <!-- runScenario -->
        <test-method is-config="true" signature="tearDownClass()[pri:0, instance:com.art.runner.CucumberRunner@61386958]" started-at="2022-06-21T16:08:05 IST" name="tearDownClass" finished-at="2022-06-21T16:08:05 IST" duration-ms="30" status="PASS">
          <reporter-output>
          </reporter-output>
        </test-method> <!-- tearDownClass -->
      </class> <!-- com.art.runner.CucumberRunner -->
    </test> <!-- Default test -->
  </suite> <!-- Default suite -->
</testng-results>
